12:53:57.894 [main] INFO  testCases.TC001_AccountRegistrationTest - clock on Continue...
12:54:01.024 [main] INFO  testCases.TC001_AccountRegistrationTest - validating expected message...
12:54:01.026 [main] INFO  testCases.TC001_AccountRegistrationTest - Finished TC001_AccountRegistrationTest...
12:54:04.274 [main] INFO  testCases.TC002_LoginTest - *******TC002_LoginTest*********
12:54:05.007 [main] INFO  testCases.TC002_LoginTest - click MyAccount......
12:54:05.795 [main] INFO  testCases.TC002_LoginTest - click login......
12:54:44.368 [main] INFO  testCases.TC002_LoginTest - *******TC002_LoginTest*********
12:54:45.052 [main] INFO  testCases.TC002_LoginTest - click MyAccount......
12:54:45.661 [main] INFO  testCases.TC002_LoginTest - click login......
12:55:14.019 [main] INFO  testCases.TC001_AccountRegistrationTest - ****TC001_AccountRegistrationTest****
12:55:14.112 [main] INFO  testCases.TC001_AccountRegistrationTest - click on Account...
12:55:14.703 [main] INFO  testCases.TC001_AccountRegistrationTest - click on Register...
12:55:15.471 [main] INFO  testCases.TC001_AccountRegistrationTest - Providing customer details...
12:55:16.470 [main] INFO  testCases.TC001_AccountRegistrationTest - clock on Continue...
12:55:19.215 [main] INFO  testCases.TC001_AccountRegistrationTest - validating expected message...
12:55:19.216 [main] INFO  testCases.TC001_AccountRegistrationTest - Finished TC001_AccountRegistrationTest...
13:40:37.058 [main] INFO  testCases.TC002_LoginTest - *******TC002_LoginTest*********
13:40:37.868 [main] INFO  testCases.TC002_LoginTest - click MyAccount......
13:40:38.651 [main] INFO  testCases.TC002_LoginTest - click login......
13:41:18.208 [main] INFO  testCases.TC001_AccountRegistrationTest - ****TC001_AccountRegistrationTest****
13:41:18.285 [main] INFO  testCases.TC001_AccountRegistrationTest - click on Account...
13:41:18.844 [main] INFO  testCases.TC001_AccountRegistrationTest - click on Register...
13:41:19.645 [main] INFO  testCases.TC001_AccountRegistrationTest - Providing customer details...
13:41:20.643 [main] INFO  testCases.TC001_AccountRegistrationTest - clock on Continue...
13:41:23.523 [main] INFO  testCases.TC001_AccountRegistrationTest - validating expected message...
13:41:26.769 [main] INFO  testCases.TC002_LoginTest - *******TC002_LoginTest*********
13:41:27.478 [main] INFO  testCases.TC002_LoginTest - click MyAccount......
13:41:28.099 [main] INFO  testCases.TC002_LoginTest - click login......
12:38:05.369 [main] INFO  testCases.TC001_AccountRegistrationTest - ****TC001_AccountRegistrationTest****
12:38:05.850 [main] INFO  testCases.TC001_AccountRegistrationTest - click on Account...
12:38:06.092 [main] INFO  testCases.TC001_AccountRegistrationTest - click on Register...
12:38:07.413 [main] INFO  testCases.TC001_AccountRegistrationTest - Providing customer details...
12:38:08.416 [main] INFO  testCases.TC001_AccountRegistrationTest - clock on Continue...
12:38:11.948 [main] INFO  testCases.TC001_AccountRegistrationTest - validating expected message...
12:38:11.950 [main] INFO  testCases.TC001_AccountRegistrationTest - Finished TC001_AccountRegistrationTest...
12:38:15.427 [main] INFO  testCases.TC002_LoginTest - *******TC002_LoginTest*********
12:38:16.169 [main] INFO  testCases.TC002_LoginTest - click MyAccount......
12:38:16.971 [main] INFO  testCases.TC002_LoginTest - click login......
