12:14:19.758 [main] INFO  testCases.TC001_AccountRegistrationTest - ****TC001_AccountRegistrationTest****
12:14:19.892 [main] INFO  testCases.TC001_AccountRegistrationTest - click on Account...
12:14:20.483 [main] INFO  testCases.TC001_AccountRegistrationTest - click on Register...
12:14:21.343 [main] INFO  testCases.TC001_AccountRegistrationTest - Providing customer details...
12:14:22.365 [main] INFO  testCases.TC001_AccountRegistrationTest - clock on Continue...
12:14:25.576 [main] INFO  testCases.TC001_AccountRegistrationTest - validating expected message...
12:14:25.578 [main] INFO  testCases.TC001_AccountRegistrationTest - Finished TC001_AccountRegistrationTest...
13:07:24.625 [main] INFO  testCases.TC001_AccountRegistrationTest - ****TC001_AccountRegistrationTest****
13:07:24.697 [main] INFO  testCases.TC001_AccountRegistrationTest - click on Account...
13:07:25.303 [main] INFO  testCases.TC001_AccountRegistrationTest - click on Register...
13:07:26.064 [main] INFO  testCases.TC001_AccountRegistrationTest - Providing customer details...
13:07:27.096 [main] INFO  testCases.TC001_AccountRegistrationTest - clock on Continue...
13:07:29.874 [main] INFO  testCases.TC001_AccountRegistrationTest - validating expected message...
13:07:29.876 [main] INFO  testCases.TC001_AccountRegistrationTest - Finished TC001_AccountRegistrationTest...
13:07:33.082 [main] INFO  testCases.TC002_LoginTest - *******TC002_LoginTest*********
13:07:33.870 [main] INFO  testCases.TC002_LoginTest - Test failed......
13:13:03.184 [main] INFO  testCases.TC002_LoginTest - *******TC002_LoginTest*********
13:13:03.896 [main] INFO  testCases.TC002_LoginTest - click MyAccount......
13:13:03.981 [main] INFO  testCases.TC002_LoginTest - Test failed......
13:14:06.543 [main] INFO  testCases.TC002_LoginTest - *******TC002_LoginTest*********
13:14:07.206 [main] INFO  testCases.TC002_LoginTest - click MyAccount......
13:14:07.276 [main] INFO  testCases.TC002_LoginTest - Test failed......
13:16:49.635 [main] INFO  testCases.TC002_LoginTest - *******TC002_LoginTest*********
13:16:49.829 [main] INFO  testCases.TC002_LoginTest - click MyAccount......
13:16:49.880 [main] INFO  testCases.TC002_LoginTest - invalid selector
from javascript error: {"status":32,"value":"Unable to locate an element with the xpath expression //a[normalize-space()='Login'])[1] because of the following error:\nSyntaxError: Failed to execute 'evaluate' on 'Document': The string '//a[normalize-space()='Login'])[1]' is not a valid XPath expression."}
  (Session info: chrome=128.0.6613.85)
For documentation on this error, please visit: https://www.selenium.dev/documentation/webdriver/troubleshooting/errors#invalid-selector-exception
Build info: version: '4.23.1', revision: '656257d8e9'
System info: os.name: 'Windows 10', os.arch: 'amd64', os.version: '10.0', java.version: '19.0.2'
Driver info: org.openqa.selenium.chrome.ChromeDriver
Command: [cd444c85883069f63b64338029251388, findElement {using=xpath, value=//a[normalize-space()='Login'])[1]}]
Capabilities {acceptInsecureCerts: false, browserName: chrome, browserVersion: 128.0.6613.85, chrome: {chromedriverVersion: 128.0.6613.137 (fe621c5aa2d..., userDataDir: C:\Users\pihu\AppData\Local...}, fedcm:accounts: true, goog:chromeOptions: {debuggerAddress: localhost:58893}, networkConnectionEnabled: false, pageLoadStrategy: normal, platformName: windows, proxy: Proxy(), se:cdp: ws://localhost:58893/devtoo..., se:cdpVersion: 128.0.6613.85, setWindowRect: true, strictFileInteractability: false, timeouts: {implicit: 0, pageLoad: 300000, script: 30000}, unhandledPromptBehavior: dismiss and notify, webauthn:extension:credBlob: true, webauthn:extension:largeBlob: true, webauthn:extension:minPinLength: true, webauthn:extension:prf: true, webauthn:virtualAuthenticators: true}
Session ID: cd444c85883069f63b64338029251388
13:16:49.881 [main] INFO  testCases.TC002_LoginTest - Test failed......
13:17:46.403 [main] INFO  testCases.TC002_LoginTest - *******TC002_LoginTest*********
13:17:47.155 [main] INFO  testCases.TC002_LoginTest - click MyAccount......
13:17:47.831 [main] INFO  testCases.TC002_LoginTest - click login......
13:21:22.805 [main] INFO  testCases.TC002_LoginTest - *******TC002_LoginTest*********
13:21:23.559 [main] INFO  testCases.TC002_LoginTest - click MyAccount......
13:21:24.272 [main] INFO  testCases.TC002_LoginTest - click login......
13:46:07.550 [main] INFO  testCases.TC002_LoginTest - *******TC002_LoginTest*********
13:46:08.237 [main] INFO  testCases.TC002_LoginTest - click MyAccount......
13:46:08.915 [main] INFO  testCases.TC002_LoginTest - click login......
12:53:54.883 [main] INFO  testCases.TC001_AccountRegistrationTest - ****TC001_AccountRegistrationTest****
12:53:54.934 [main] INFO  testCases.TC001_AccountRegistrationTest - click on Account...
12:53:55.595 [main] INFO  testCases.TC001_AccountRegistrationTest - click on Register...
12:53:56.899 [main] INFO  testCases.TC001_AccountRegistrationTest - Providing customer details...
